SQL> DELETE FROM customer WHERE id = 1 OR id = 2;

2 rows deleted.

SQL> COMMIT;

Commit complete.

SQL> SELECT id, age FROM customer;

no rows selected

SQL> UPDATE customer SET age = age + 10;

1 row updated.

SQL> COMMIT;

Commit complete.

SQL> SELECT id, age FROM customer;

        ID        AGE                                                           
---------- ----------                                                           
         1         40                                                           

SQL> SELECT id, age FROM customer;

        ID        AGE                                                           
---------- ----------                                                           
         1         40                                                           

SQL> DELETE FROM customer WHERE id = 1 OR id = 2;

2 rows deleted.

SQL> COMMIT;

Commit complete.

SQL> SELECT id, age FROM customer;

no rows selected

SQL> INSERT INTO customer (id, age) VALUES (2, 20); -- Expected to fail due to primary key conflict
  2  INSERT INTO customer (id, age) VALUES (1, 30); -- Expected to fail due to primary key conflict
  3  
SQL> SPOOL OFF
